#
# There is insufficient memory for the Java Runtime Environment to continue.
# Native memory allocation (malloc) failed to allocate 32744 bytes. Error detail: Chunk::new
# Possible reasons:
#   The system is out of physical RAM or swap space
#   This process is running with CompressedOops enabled, and the Java Heap may be blocking the growth of the native heap
# Possible solutions:
#   Reduce memory load on the system
#   Increase physical memory or swap space
#   Check if swap backing store is full
#   Decrease Java heap size (-Xmx/-Xms)
#   Decrease number of Java threads
#   Decrease Java thread stack sizes (-Xss)
#   Set larger code cache with -XX:ReservedCodeCacheSize=
#   JVM is running with Zero Based Compressed Oops mode in which the Java heap is
#     placed in the first 32GB address space. The Java Heap base address is the
#     maximum limit for the native heap growth. Please use -XX:HeapBaseMinAddress
#     to set the Java Heap base and to place the Java Heap above 32GB virtual address.
# This output file may be truncated or incomplete.
#
#  Out of Memory Error (arena.cpp:150), pid=58052, tid=58156
#
# JRE version: OpenJDK Runtime Environment Temurin-22.0.1+8 (22.0.1+8) (build 22.0.1+8)
# Java VM: OpenJDK 64-Bit Server VM Temurin-22.0.1+8 (22.0.1+8, mixed mode, tiered, compressed oops, compressed class ptrs, g1 gc, windows-amd64)
# No core dump will be written. Minidumps are not enabled by default on client versions of Windows
#

---------------  S U M M A R Y ------------

Command Line: -Dfile.encoding=UTF-8 -Dstdout.encoding=UTF-8 -Dstderr.encoding=UTF-8 -XX:+ShowCodeDetailsInExceptionMessages Game.Randers

Host: AMD Ryzen 3 7320U with Radeon Graphics         , 8 cores, 15G,  Windows 11 , 64 bit Build 26100 (10.0.26100.3037)
Time: Sat Mar 29 22:21:48 2025 SE Asia Standard Time elapsed time: 270.254219 seconds (0d 0h 4m 30s)

---------------  T H R E A D  ---------------

Current thread (0x000002ddb15d77b0):  JavaThread "C1 CompilerThread0" daemon [_thread_in_native, id=58156, stack(0x000000dfcc400000,0x000000dfcc500000) (1024K)]


Current CompileTask:
C1:270254 2371   !   3       com.sun.media.sound.DirectAudioDevice$DirectDL::write (322 bytes)

Stack: [0x000000dfcc400000,0x000000dfcc500000]
Native frames: (J=compiled Java code, j=interpreted, Vv=VM code, C=native code)
V  [jvm.dll+0x6ea239]  (no source info available)
V  [jvm.dll+0x8ccf93]  (no source info available)
V  [jvm.dll+0x8cf3be]  (no source info available)
V  [jvm.dll+0x8cfa93]  (no source info available)
V  [jvm.dll+0x286ea6]  (no source info available)
V  [jvm.dll+0xc3b8f]  (no source info available)
V  [jvm.dll+0xc3deb]  (no source info available)
V  [jvm.dll+0x19c392]  (no source info available)
V  [jvm.dll+0x19df94]  (no source info available)
V  [jvm.dll+0x159685]  (no source info available)
V  [jvm.dll+0x158e03]  (no source info available)
V  [jvm.dll+0x1590e0]  (no source info available)
V  [jvm.dll+0x15845d]  (no source info available)
V  [jvm.dll+0x15a31d]  (no source info available)
V  [jvm.dll+0x25d41b]  (no source info available)
V  [jvm.dll+0x25b6ea]  (no source info available)
V  [jvm.dll+0x3fbbb6]  (no source info available)
V  [jvm.dll+0x87538b]  (no source info available)
V  [jvm.dll+0x6e8935]  (no source info available)
C  [ucrtbase.dll+0x37b0]  (no source info available)
C  [KERNEL32.DLL+0x2e8d7]  (no source info available)
C  [ntdll.dll+0xbbf2c]  (no source info available)


---------------  P R O C E S S  ---------------

Threads class SMR info:
_java_thread_list=0x000002ddc2a81240, length=23, elements={
0x000002ddb15cddf0, 0x000002ddb15d1000, 0x000002ddb15f6860, 0x000002ddb15f6ed0,
0x000002ddb15f80d0, 0x000002ddb15fb580, 0x000002ddb15d6bd0, 0x000002ddb15d77b0,
0x000002ddb1651650, 0x000002ddb17bb5f0, 0x000002ddb6236290, 0x000002ddb62372e0,
0x000002ddbdb24740, 0x000002ddc2b65290, 0x000002ddc2b65920, 0x000002ddc2b66640,
0x000002ddc2b65fb0, 0x000002ddc2b66cd0, 0x000002ddc2b64c00, 0x000002ddc9a9a530,
0x000002ddc9a9abc0, 0x000002ddc9a9cc90, 0x000002ddc9a99ea0
}

Java Threads: ( => current thread )
  0x000002ddb15cddf0 JavaThread "Reference Handler"          daemon [_thread_blocked, id=58128, stack(0x000000dfcbd00000,0x000000dfcbe00000) (1024K)]
  0x000002ddb15d1000 JavaThread "Finalizer"                  daemon [_thread_blocked, id=58132, stack(0x000000dfcbe00000,0x000000dfcbf00000) (1024K)]
  0x000002ddb15f6860 JavaThread "Signal Dispatcher"          daemon [_thread_blocked, id=58136, stack(0x000000dfcbf00000,0x000000dfcc000000) (1024K)]
  0x000002ddb15f6ed0 JavaThread "Attach Listener"            daemon [_thread_blocked, id=58140, stack(0x000000dfcc000000,0x000000dfcc100000) (1024K)]
  0x000002ddb15f80d0 JavaThread "Service Thread"             daemon [_thread_blocked, id=58144, stack(0x000000dfcc100000,0x000000dfcc200000) (1024K)]
  0x000002ddb15fb580 JavaThread "Monitor Deflation Thread"   daemon [_thread_blocked, id=58148, stack(0x000000dfcc200000,0x000000dfcc300000) (1024K)]
  0x000002ddb15d6bd0 JavaThread "C2 CompilerThread0"         daemon [_thread_blocked, id=58152, stack(0x000000dfcc300000,0x000000dfcc400000) (1024K)]
=>0x000002ddb15d77b0 JavaThread "C1 CompilerThread0"         daemon [_thread_in_native, id=58156, stack(0x000000dfcc400000,0x000000dfcc500000) (1024K)]
  0x000002ddb1651650 JavaThread "Notification Thread"        daemon [_thread_blocked, id=58160, stack(0x000000dfcc500000,0x000000dfcc600000) (1024K)]
  0x000002ddb17bb5f0 JavaThread "Common-Cleaner"             daemon [_thread_blocked, id=58164, stack(0x000000dfcc600000,0x000000dfcc700000) (1024K)]
  0x000002ddb6236290 JavaThread "Java2D Disposer"            daemon [_thread_blocked, id=58268, stack(0x000000dfcc700000,0x000000dfcc800000) (1024K)]
  0x000002ddb62372e0 JavaThread "AWT-Windows"                daemon [_thread_in_native, id=58276, stack(0x000000dfcc900000,0x000000dfcca00000) (1024K)]
  0x000002ddbdb24740 JavaThread "main-SharedResourceRunner"  daemon [_thread_blocked, id=58324, stack(0x000000dfcd400000,0x000000dfcd500000) (1024K)]
  0x000002ddc2b65290 JavaThread "main-Display-.windows_nil-1-EDT-1" daemon [_thread_blocked, id=57072, stack(0x000000dfcd600000,0x000000dfcd700000) (1024K)]
  0x000002ddc2b65920 JavaThread "main-FPSAWTAnimator#00-Timer0"        [_thread_in_native, id=44120, stack(0x000000dfcdf00000,0x000000dfce000000) (1024K)]
  0x000002ddc2b66640 JavaThread "DestroyJavaVM"                     [_thread_blocked, id=58096, stack(0x000000dfcb500000,0x000000dfcb600000) (1024K)]
  0x000002ddc2b65fb0 JavaThread "Java Sound Event Dispatcher" daemon [_thread_blocked, id=47572, stack(0x000000dfce500000,0x000000dfce600000) (1024K)]
  0x000002ddc2b66cd0 JavaThread "Direct Clip"                daemon [_thread_blocked, id=48800, stack(0x000000dfce800000,0x000000dfce900000) (1024K)]
  0x000002ddc2b64c00 JavaThread "Direct Clip"                daemon [_thread_blocked, id=57572, stack(0x000000dfceb00000,0x000000dfcec00000) (1024K)]
  0x000002ddc9a9a530 JavaThread "Direct Clip"                daemon [_thread_blocked, id=57568, stack(0x000000dfcec00000,0x000000dfced00000) (1024K)]
  0x000002ddc9a9abc0 JavaThread "Direct Clip"                daemon [_thread_blocked, id=57536, stack(0x000000dfced00000,0x000000dfcee00000) (1024K)]
  0x000002ddc9a9cc90 JavaThread "Direct Clip"                daemon [_thread_blocked, id=57564, stack(0x000000dfcee00000,0x000000dfcef00000) (1024K)]
  0x000002ddc9a99ea0 JavaThread "Direct Clip"                daemon [_thread_blocked, id=57560, stack(0x000000dfcef00000,0x000000dfcf000000) (1024K)]
Total: 23

Other Threads:
  0x000002ddb15587f0 VMThread "VM Thread"                           [id=58124, stack(0x000000dfcbc00000,0x000000dfcbd00000) (1024K)]
  0x000002ddb14e4b00 WatcherThread "VM Periodic Task Thread"        [id=58120, stack(0x000000dfcbb00000,0x000000dfcbc00000) (1024K)]
  0x000002dd968bae60 WorkerThread "GC Thread#0"                     [id=58100, stack(0x000000dfcb600000,0x000000dfcb700000) (1024K)]
  0x000002ddc2b6c3b0 WorkerThread "GC Thread#1"                     [id=58364, stack(0x000000dfcc800000,0x000000dfcc900000) (1024K)]
  0x000002ddc2b6c760 WorkerThread "GC Thread#2"                     [id=56380, stack(0x000000dfcd300000,0x000000dfcd400000) (1024K)]
  0x000002ddc2b6cb10 WorkerThread "GC Thread#3"                     [id=57216, stack(0x000000dfcda00000,0x000000dfcdb00000) (1024K)]
  0x000002ddc2b6d4d0 WorkerThread "GC Thread#4"                     [id=56084, stack(0x000000dfcdb00000,0x000000dfcdc00000) (1024K)]
  0x000002ddc2daf5a0 WorkerThread "GC Thread#5"                     [id=38728, stack(0x000000dfcdc00000,0x000000dfcdd00000) (1024K)]
  0x000002ddc2daf950 WorkerThread "GC Thread#6"                     [id=56956, stack(0x000000dfcdd00000,0x000000dfcde00000) (1024K)]
  0x000002ddc2dafd00 WorkerThread "GC Thread#7"                     [id=35932, stack(0x000000dfcde00000,0x000000dfcdf00000) (1024K)]
  0x000002dd968cb220 ConcurrentGCThread "G1 Main Marker"            [id=58104, stack(0x000000dfcb700000,0x000000dfcb800000) (1024K)]
  0x000002dd968cd3f0 WorkerThread "G1 Conc#0"                       [id=58108, stack(0x000000dfcb800000,0x000000dfcb900000) (1024K)]
  0x000002e104b49040 WorkerThread "G1 Conc#1"                       [id=57444, stack(0x000000dfcb200000,0x000000dfcb300000) (1024K)]
  0x000002ddb13ac540 ConcurrentGCThread "G1 Refine#0"               [id=58112, stack(0x000000dfcb900000,0x000000dfcba00000) (1024K)]
  0x000002ddb13ace60 ConcurrentGCThread "G1 Service"                [id=58116, stack(0x000000dfcba00000,0x000000dfcbb00000) (1024K)]
Total: 15

Threads with active compile tasks:
C1 CompilerThread0  279353 2371   !   3       com.sun.media.sound.DirectAudioDevice$DirectDL::write (322 bytes)
Total: 1

VM state: not at safepoint (normal execution)

VM Mutex/Monitor currently owned by a thread: None

Heap address: 0x000000070c200000, size: 3902 MB, Compressed Oops mode: Zero based, Oop shift amount: 3

CDS archive(s) not mapped
Compressed class space mapped at: 0x0000000025000000-0x0000000065000000, reserved size: 1073741824
Narrow klass base: 0x0000000000000000, Narrow klass shift: 0, Narrow klass range: 0x65000000

GC Precious Log:
 CardTable entry size: 512
 Card Set container configuration: InlinePtr #cards 4 size 8 Array Of Cards #cards 16 size 48 Howl #buckets 8 coarsen threshold 3686 Howl Bitmap #cards 512 size 80 coarsen threshold 460 Card regions per heap region 1 cards per card region 4096
 CPUs: 8 total, 8 available
 Memory: 15605M
 Large Page Support: Disabled
 NUMA Support: Disabled
 Compressed Oops: Enabled (Zero based)
 Heap Region Size: 2M
 Heap Min Capacity: 8M
 Heap Initial Capacity: 244M
 Heap Max Capacity: 3902M
 Pre-touch: Disabled
 Parallel Workers: 8
 Concurrent Workers: 2
 Concurrent Refinement Workers: 8
 Periodic GC: Disabled

Heap:
 garbage-first heap   total reserved 3995648K, committed 65536K, used 30528K [0x000000070c200000, 0x0000000800000000)
  region size 2048K, 10 young (20480K), 2 survivors (4096K)
 Metaspace       used 21325K, committed 21568K, reserved 1114112K
  class space    used 1743K, committed 1856K, reserved 1048576K

Heap Regions: E=young(eden), S=young(survivor), O=old, HS=humongous(starts), HC=humongous(continues), CS=collection set, F=free, TAMS=top-at-mark-start, PB=parsable bottom
|   0|0x000000070c200000, 0x000000070c400000, 0x000000070c400000|100%|HS|  |TAMS 0x000000070c200000| PB 0x000000070c200000| Complete |  0
|   1|0x000000070c400000, 0x000000070c600000, 0x000000070c600000|100%|HC|  |TAMS 0x000000070c400000| PB 0x000000070c400000| Complete |  0
|   2|0x000000070c600000, 0x000000070c800000, 0x000000070c800000|100%|HS|  |TAMS 0x000000070c600000| PB 0x000000070c600000| Complete |  0
|   3|0x000000070c800000, 0x000000070ca00000, 0x000000070ca00000|100%|HC|  |TAMS 0x000000070c800000| PB 0x000000070c800000| Complete |  0
|   4|0x000000070ca00000, 0x000000070cc00000, 0x000000070cc00000|100%|HC|  |TAMS 0x000000070ca00000| PB 0x000000070ca00000| Complete |  0
|   5|0x000000070cc00000, 0x000000070ce00000, 0x000000070ce00000|100%| O|  |TAMS 0x000000070cc00000| PB 0x000000070cc00000| Untracked |  0
|   6|0x000000070ce00000, 0x000000070ce00000, 0x000000070d000000|  0%| F|  |TAMS 0x000000070ce00000| PB 0x000000070ce00000| Untracked |  0
|   7|0x000000070d000000, 0x000000070d0e78a0, 0x000000070d200000| 45%| O|  |TAMS 0x000000070d000000| PB 0x000000070d000000| Untracked |  0
|   8|0x000000070d200000, 0x000000070d200000, 0x000000070d400000|  0%| F|  |TAMS 0x000000070d200000| PB 0x000000070d200000| Untracked |  0
|   9|0x000000070d400000, 0x000000070d400000, 0x000000070d600000|  0%| F|  |TAMS 0x000000070d400000| PB 0x000000070d400000| Untracked |  0
|  10|0x000000070d600000, 0x000000070d600000, 0x000000070d800000|  0%| F|  |TAMS 0x000000070d600000| PB 0x000000070d600000| Untracked |  0
|  11|0x000000070d800000, 0x000000070d800000, 0x000000070da00000|  0%| F|  |TAMS 0x000000070d800000| PB 0x000000070d800000| Untracked |  0
|  12|0x000000070da00000, 0x000000070da00000, 0x000000070dc00000|  0%| F|  |TAMS 0x000000070da00000| PB 0x000000070da00000| Untracked |  0
|  13|0x000000070dc00000, 0x000000070dce8ab8, 0x000000070de00000| 45%| S|CS|TAMS 0x000000070dc00000| PB 0x000000070dc00000| Complete |  0
|  14|0x000000070de00000, 0x000000070e000000, 0x000000070e000000|100%| S|CS|TAMS 0x000000070de00000| PB 0x000000070de00000| Complete |  0
|  15|0x000000070e000000, 0x000000070e000000, 0x000000070e200000|  0%| F|  |TAMS 0x000000070e000000| PB 0x000000070e000000| Untracked |  0
|  16|0x000000070e200000, 0x000000070e200000, 0x000000070e400000|  0%| F|  |TAMS 0x000000070e200000| PB 0x000000070e200000| Untracked |  0
|  17|0x000000070e400000, 0x000000070e400000, 0x000000070e600000|  0%| F|  |TAMS 0x000000070e400000| PB 0x000000070e400000| Untracked |  0
|  18|0x000000070e600000, 0x000000070e600000, 0x000000070e800000|  0%| F|  |TAMS 0x000000070e600000| PB 0x000000070e600000| Untracked |  0
|  19|0x000000070e800000, 0x000000070e800000, 0x000000070ea00000|  0%| F|  |TAMS 0x000000070e800000| PB 0x000000070e800000| Untracked |  0
|  20|0x000000070ea00000, 0x000000070ea00000, 0x000000070ec00000|  0%| F|  |TAMS 0x000000070ea00000| PB 0x000000070ea00000| Untracked |  0
|  21|0x000000070ec00000, 0x000000070ec00000, 0x000000070ee00000|  0%| F|  |TAMS 0x000000070ec00000| PB 0x000000070ec00000| Untracked |  0
|  22|0x000000070ee00000, 0x000000070ee00000, 0x000000070f000000|  0%| F|  |TAMS 0x000000070ee00000| PB 0x000000070ee00000| Untracked |  0
|  23|0x000000070f000000, 0x000000070f000000, 0x000000070f200000|  0%| F|  |TAMS 0x000000070f000000| PB 0x000000070f000000| Untracked |  0
|  24|0x000000070f200000, 0x000000070f299be8, 0x000000070f400000| 30%| E|  |TAMS 0x000000070f200000| PB 0x000000070f200000| Complete |  0
|  25|0x000000070f400000, 0x000000070f600000, 0x000000070f600000|100%| E|CS|TAMS 0x000000070f400000| PB 0x000000070f400000| Complete |  0
|  26|0x000000070f600000, 0x000000070f800000, 0x000000070f800000|100%| E|CS|TAMS 0x000000070f600000| PB 0x000000070f600000| Complete |  0
|  27|0x000000070f800000, 0x000000070fa00000, 0x000000070fa00000|100%| E|CS|TAMS 0x000000070f800000| PB 0x000000070f800000| Complete |  0
|  28|0x000000070fa00000, 0x000000070fc00000, 0x000000070fc00000|100%| E|CS|TAMS 0x000000070fa00000| PB 0x000000070fa00000| Complete |  0
|  85|0x0000000716c00000, 0x0000000716e00000, 0x0000000716e00000|100%| E|CS|TAMS 0x0000000716c00000| PB 0x0000000716c00000| Complete |  0
|  86|0x0000000716e00000, 0x0000000717000000, 0x0000000717000000|100%| E|CS|TAMS 0x0000000716e00000| PB 0x0000000716e00000| Complete |  0
| 121|0x000000071b400000, 0x000000071b600000, 0x000000071b600000|100%| E|CS|TAMS 0x000000071b400000| PB 0x000000071b400000| Complete |  0

Card table byte_map: [0x000002ddaa5b0000,0x000002ddaad50000] _byte_map_base: 0x000002dda6d4f000

Marking Bits: (CMBitMap*) 0x000002dd968bb570
 Bits: [0x000002ddaad50000, 0x000002ddaea48000)

Polling page: 0x000002dd96920000

Metaspace:

Usage:
  Non-class:     19.12 MB used.
      Class:      1.70 MB used.
       Both:     20.83 MB used.

Virtual space:
  Non-class space:       64.00 MB reserved,      19.25 MB ( 30%) committed,  1 nodes.
      Class space:        1.00 GB reserved,       1.81 MB ( <1%) committed,  1 nodes.
             Both:        1.06 GB reserved,      21.06 MB (  2%) committed. 

Chunk freelists:
   Non-Class:  12.39 MB
       Class:  14.11 MB
        Both:  26.49 MB

MaxMetaspaceSize: unlimited
CompressedClassSpaceSize: 1.00 GB
Initial GC threshold: 21.00 MB
Current GC threshold: 35.12 MB
CDS: off
 - commit_granule_bytes: 65536.
 - commit_granule_words: 8192.
 - virtual_space_node_default_size: 8388608.
 - enlarge_chunks_in_place: 1.
 - use_allocation_guard: 0.


Internal statistics:

num_allocs_failed_limit: 3.
num_arena_births: 188.
num_arena_deaths: 0.
num_vsnodes_births: 2.
num_vsnodes_deaths: 0.
num_space_committed: 335.
num_space_uncommitted: 0.
num_chunks_returned_to_freelist: 3.
num_chunks_taken_from_freelist: 477.
num_chunk_merges: 0.
num_chunk_splits: 332.
num_chunks_enlarged: 237.
num_inconsistent_stats: 0.

CodeHeap 'non-profiled nmethods': size=120000Kb used=1661Kb max_used=1661Kb free=118339Kb
 bounds [0x000002dda1e80000, 0x000002dda20f0000, 0x000002dda93b0000]
CodeHeap 'profiled nmethods': size=120000Kb used=4151Kb max_used=4151Kb free=115848Kb
 bounds [0x000002dd9a3b0000, 0x000002dd9a7c0000, 0x000002dda18e0000]
CodeHeap 'non-nmethods': size=5760Kb used=2018Kb max_used=2052Kb free=3741Kb
 bounds [0x000002dda18e0000, 0x000002dda1b50000, 0x000002dda1e80000]
 total_blobs=3368 nmethods=2370 adapters=903
 compilation: enabled
              stopped_count=0, restarted_count=0
 full_count=0

Compilation events (20 events):
Event: 127.257 Thread 0x000002ddb15d77b0 nmethod 2361 0x000002dda201c710 code [0x000002dda201c8a0, 0x000002dda201c970]
Event: 127.784 Thread 0x000002ddb15d6bd0 2362       4       java.lang.invoke.LambdaForm$MH/0x00000000251a4000::invoke (42 bytes)
Event: 127.787 Thread 0x000002ddb15d6bd0 nmethod 2362 0x000002dda201ca10 code [0x000002dda201cba0, 0x000002dda201cd68]
Event: 130.695 Thread 0x000002ddb15d6bd0 2363   !   4       jdk.internal.ref.PhantomCleanable::isListEmpty (34 bytes)
Event: 130.696 Thread 0x000002ddb15d6bd0 nmethod 2363 0x000002dda201cf90 code [0x000002dda201d120, 0x000002dda201d360]
Event: 130.696 Thread 0x000002ddb15d6bd0 2364   !   4       java.lang.ref.ReferenceQueue::remove (61 bytes)
Event: 130.714 Thread 0x000002ddb15d6bd0 nmethod 2364 0x000002dda201d490 code [0x000002dda201d6c0, 0x000002dda201df80]
Event: 130.714 Thread 0x000002ddb15d6bd0 2365   !   4       jdk.internal.ref.Cleaner::clean (35 bytes)
Event: 130.720 Thread 0x000002ddb15d6bd0 nmethod 2365 0x000002dda201e410 code [0x000002dda201e5e0, 0x000002dda201ec58]
Event: 130.811 Thread 0x000002ddb15d6bd0 2366  s    4       java.util.zip.Inflater$InflaterZStreamRef::run (21 bytes)
Event: 130.812 Thread 0x000002ddb15d6bd0 nmethod 2366 0x000002dda201ee90 code [0x000002dda201f020, 0x000002dda201f308]
Event: 130.814 Thread 0x000002ddb15d77b0 2367       3       java.lang.Thread::interrupted (7 bytes)
Event: 130.815 Thread 0x000002ddb15d77b0 nmethod 2367 0x000002dd9a7bc990 code [0x000002dd9a7bcb40, 0x000002dd9a7bcd98]
Event: 130.815 Thread 0x000002ddb15d77b0 2368       3       java.lang.Thread::getAndClearInterrupt (19 bytes)
Event: 130.815 Thread 0x000002ddb15d77b0 nmethod 2368 0x000002dd9a7bce90 code [0x000002dd9a7bd040, 0x000002dd9a7bd1c8]
Event: 164.962 Thread 0x000002ddb15d77b0 2369       3       com.jogamp.opengl.util.awt.TextRenderer$1::visit (34 bytes)
Event: 164.962 Thread 0x000002ddb15d77b0 nmethod 2369 0x000002dd9a7bd290 code [0x000002dd9a7bd460, 0x000002dd9a7bd830]
Event: 164.962 Thread 0x000002ddb15d77b0 2370       3       com.jogamp.opengl.util.awt.TextRenderer$TextData::clearUsed (6 bytes)
Event: 164.962 Thread 0x000002ddb15d77b0 nmethod 2370 0x000002dd9a7bd990 code [0x000002dd9a7bdb20, 0x000002dd9a7bdc30]
Event: 256.125 Thread 0x000002ddb15d77b0 2371   !   3       com.sun.media.sound.DirectAudioDevice$DirectDL::write (322 bytes)

GC Heap History (14 events):
Event: 1.974 GC heap before
{Heap before GC invocations=0 (full 0):
 garbage-first heap   total reserved 3995648K, committed 249856K, used 24576K [0x000000070c200000, 0x0000000800000000)
  region size 2048K, 12 young (24576K), 0 survivors (0K)
 Metaspace       used 17049K, committed 17280K, reserved 1114112K
  class space    used 1361K, committed 1472K, reserved 1048576K
}
Event: 1.977 GC heap after
{Heap after GC invocations=1 (full 0):
 garbage-first heap   total reserved 3995648K, committed 249856K, used 3174K [0x000000070c200000, 0x0000000800000000)
  region size 2048K, 2 young (4096K), 2 survivors (4096K)
 Metaspace       used 17049K, committed 17280K, reserved 1114112K
  class space    used 1361K, committed 1472K, reserved 1048576K
}
Event: 18.328 GC heap before
{Heap before GC invocations=1 (full 0):
 garbage-first heap   total reserved 3995648K, committed 249856K, used 54374K [0x000000070c200000, 0x0000000800000000)
  region size 2048K, 22 young (45056K), 2 survivors (4096K)
 Metaspace       used 21297K, committed 21504K, reserved 1114112K
  class space    used 1742K, committed 1856K, reserved 1048576K
}
Event: 18.335 GC heap after
{Heap after GC invocations=2 (full 0):
 garbage-first heap   total reserved 3995648K, committed 249856K, used 16384K [0x000000070c200000, 0x0000000800000000)
  region size 2048K, 3 young (6144K), 3 survivors (6144K)
 Metaspace       used 21297K, committed 21504K, reserved 1114112K
  class space    used 1742K, committed 1856K, reserved 1048576K
}
Event: 55.088 GC heap before
{Heap before GC invocations=2 (full 0):
 garbage-first heap   total reserved 3995648K, committed 249856K, used 71680K [0x000000070c200000, 0x0000000800000000)
  region size 2048K, 30 young (61440K), 3 survivors (6144K)
 Metaspace       used 21306K, committed 21504K, reserved 1114112K
  class space    used 1742K, committed 1856K, reserved 1048576K
}
Event: 55.094 GC heap after
{Heap after GC invocations=3 (full 0):
 garbage-first heap   total reserved 3995648K, committed 249856K, used 16668K [0x000000070c200000, 0x0000000800000000)
  region size 2048K, 2 young (4096K), 2 survivors (4096K)
 Metaspace       used 21306K, committed 21504K, reserved 1114112K
  class space    used 1742K, committed 1856K, reserved 1048576K
}
Event: 100.910 GC heap before
{Heap before GC invocations=3 (full 0):
 garbage-first heap   total reserved 3995648K, committed 249856K, used 82204K [0x000000070c200000, 0x0000000800000000)
  region size 2048K, 35 young (71680K), 2 survivors (4096K)
 Metaspace       used 21315K, committed 21504K, reserved 1114112K
  class space    used 1742K, committed 1856K, reserved 1048576K
}
Event: 100.913 GC heap after
{Heap after GC invocations=4 (full 0):
 garbage-first heap   total reserved 3995648K, committed 249856K, used 16747K [0x000000070c200000, 0x0000000800000000)
  region size 2048K, 2 young (4096K), 2 survivors (4096K)
 Metaspace       used 21315K, committed 21504K, reserved 1114112K
  class space    used 1742K, committed 1856K, reserved 1048576K
}
Event: 130.674 GC heap before
{Heap before GC invocations=5 (full 0):
 garbage-first heap   total reserved 3995648K, committed 61440K, used 59755K [0x000000070c200000, 0x0000000800000000)
  region size 2048K, 23 young (47104K), 2 survivors (4096K)
 Metaspace       used 21324K, committed 21568K, reserved 1114112K
  class space    used 1743K, committed 1856K, reserved 1048576K
}
Event: 130.678 GC heap after
{Heap after GC invocations=6 (full 0):
 garbage-first heap   total reserved 3995648K, committed 65536K, used 16418K [0x000000070c200000, 0x0000000800000000)
  region size 2048K, 2 young (4096K), 2 survivors (4096K)
 Metaspace       used 21324K, committed 21568K, reserved 1114112K
  class space    used 1743K, committed 1856K, reserved 1048576K
}
Event: 154.696 GC heap before
{Heap before GC invocations=6 (full 0):
 garbage-first heap   total reserved 3995648K, committed 65536K, used 51234K [0x000000070c200000, 0x0000000800000000)
  region size 2048K, 19 young (38912K), 2 survivors (4096K)
 Metaspace       used 21324K, committed 21568K, reserved 1114112K
  class space    used 1743K, committed 1856K, reserved 1048576K
}
Event: 154.701 GC heap after
{Heap after GC invocations=7 (full 0):
 garbage-first heap   total reserved 3995648K, committed 65536K, used 16574K [0x000000070c200000, 0x0000000800000000)
  region size 2048K, 2 young (4096K), 2 survivors (4096K)
 Metaspace       used 21324K, committed 21568K, reserved 1114112K
  class space    used 1743K, committed 1856K, reserved 1048576K
}
Event: 194.965 GC heap before
{Heap before GC invocations=7 (full 0):
 garbage-first heap   total reserved 3995648K, committed 65536K, used 51390K [0x000000070c200000, 0x0000000800000000)
  region size 2048K, 19 young (38912K), 2 survivors (4096K)
 Metaspace       used 21325K, committed 21568K, reserved 1114112K
  class space    used 1743K, committed 1856K, reserved 1048576K
}
Event: 194.967 GC heap after
{Heap after GC invocations=8 (full 0):
 garbage-first heap   total reserved 3995648K, committed 65536K, used 16192K [0x000000070c200000, 0x0000000800000000)
  region size 2048K, 2 young (4096K), 2 survivors (4096K)
 Metaspace       used 21325K, committed 21568K, reserved 1114112K
  class space    used 1743K, committed 1856K, reserved 1048576K
}

Dll operation events (17 events):
Event: 0.015 Loaded shared library C:\Users\ACER\.p2\pool\plugins\org.eclipse.justj.openjdk.hotspot.jre.full.win32.x86_64_22.0.1.v20240426-1149\jre\bin\java.dll
Event: 0.026 Loaded shared library C:\Users\ACER\.p2\pool\plugins\org.eclipse.justj.openjdk.hotspot.jre.full.win32.x86_64_22.0.1.v20240426-1149\jre\bin\zip.dll
Event: 0.146 Loaded shared library C:\Users\ACER\.p2\pool\plugins\org.eclipse.justj.openjdk.hotspot.jre.full.win32.x86_64_22.0.1.v20240426-1149\jre\bin\net.dll
Event: 0.150 Loaded shared library C:\Users\ACER\.p2\pool\plugins\org.eclipse.justj.openjdk.hotspot.jre.full.win32.x86_64_22.0.1.v20240426-1149\jre\bin\nio.dll
Event: 0.158 Loaded shared library C:\Users\ACER\.p2\pool\plugins\org.eclipse.justj.openjdk.hotspot.jre.full.win32.x86_64_22.0.1.v20240426-1149\jre\bin\zip.dll
Event: 0.280 Loaded shared library C:\Users\ACER\.p2\pool\plugins\org.eclipse.justj.openjdk.hotspot.jre.full.win32.x86_64_22.0.1.v20240426-1149\jre\bin\jimage.dll
Event: 0.548 Loaded shared library C:\Users\ACER\AppData\Local\Temp\jogamp_0000\file_cache\jln2047052766134778073\jln13311149622358652995\natives\windows-amd64\gluegen_rt.dll
Event: 0.597 Loaded shared library C:\Users\ACER\.p2\pool\plugins\org.eclipse.justj.openjdk.hotspot.jre.full.win32.x86_64_22.0.1.v20240426-1149\jre\bin\awt.dll
Event: 0.663 Loaded shared library C:\Users\ACER\.p2\pool\plugins\org.eclipse.justj.openjdk.hotspot.jre.full.win32.x86_64_22.0.1.v20240426-1149\jre\bin\jawt.dll
Event: 0.698 Loaded shared library C:\Users\ACER\AppData\Local\Temp\jogamp_0000\file_cache\jln2047052766134778073\jln13311149622358652995\natives\windows-amd64\nativewindow_awt.dll
Event: 0.905 Loaded shared library C:\Users\ACER\AppData\Local\Temp\jogamp_0000\file_cache\jln2047052766134778073\jln13311149622358652995\natives\windows-amd64\nativewindow_win32.dll
Event: 1.135 Loaded shared library C:\Users\ACER\AppData\Local\Temp\jogamp_0000\file_cache\jln2047052766134778073\jln13311149622358652995\natives\windows-amd64\jogl_desktop.dll
Event: 1.427 Loaded shared library C:\Users\ACER\AppData\Local\Temp\jogamp_0000\file_cache\jln2047052766134778073\jln13311149622358652995\natives\windows-amd64\jogl_mobile.dll
Event: 2.415 Loaded shared library C:\Users\ACER\AppData\Local\Temp\jogamp_0000\file_cache\jln2047052766134778073\jln13311149622358652995\natives\windows-amd64\newt_head.dll
Event: 2.595 Loaded shared library C:\Users\ACER\.p2\pool\plugins\org.eclipse.justj.openjdk.hotspot.jre.full.win32.x86_64_22.0.1.v20240426-1149\jre\bin\freetype.dll
Event: 2.597 Loaded shared library C:\Users\ACER\.p2\pool\plugins\org.eclipse.justj.openjdk.hotspot.jre.full.win32.x86_64_22.0.1.v20240426-1149\jre\bin\fontmanager.dll
Event: 2.806 Loaded shared library C:\Users\ACER\.p2\pool\plugins\org.eclipse.justj.openjdk.hotspot.jre.full.win32.x86_64_22.0.1.v20240426-1149\jre\bin\jsound.dll

Deoptimization events (20 events):
Event: 21.571 Thread 0x000002ddc2b65920 Uncommon trap: trap_request=0xffffff6e fr.pc=0x000002dda1f6bd48 relative=0x0000000000000d08
Event: 21.571 Thread 0x000002ddc2b65920 Uncommon trap: reason=loop_limit_check action=maybe_recompile pc=0x000002dda1f6bd48 method=com.jogamp.common.util.IntIntHashMap.clone()Ljava/lang/Object; @ 105 c2
Event: 21.571 Thread 0x000002ddc2b65920 DEOPT PACKING pc=0x000002dda1f6bd48 sp=0x000000dfcdffe8d0
Event: 21.571 Thread 0x000002ddc2b65920 DEOPT UNPACKING pc=0x000002dda19346a2 sp=0x000000dfcdffe898 mode 2
Event: 27.002 Thread 0x000002ddc2b65920 Uncommon trap: trap_request=0xffffffde fr.pc=0x000002dda1f78e14 relative=0x00000000000000f4
Event: 27.002 Thread 0x000002ddc2b65920 Uncommon trap: reason=class_check action=maybe_recompile pc=0x000002dda1f78e14 method=jdk.internal.misc.Unsafe.allocateUninitializedArray(Ljava/lang/Class;I)Ljava/lang/Object; @ 51 c2
Event: 27.002 Thread 0x000002ddc2b65920 DEOPT PACKING pc=0x000002dda1f78e14 sp=0x000000dfcdffebd0
Event: 27.002 Thread 0x000002ddc2b65920 DEOPT UNPACKING pc=0x000002dda19346a2 sp=0x000000dfcdffeb48 mode 2
Event: 27.018 Thread 0x000002ddc2b65920 Uncommon trap: trap_request=0xffffffde fr.pc=0x000002dda1f78e14 relative=0x00000000000000f4
Event: 27.018 Thread 0x000002ddc2b65920 Uncommon trap: reason=class_check action=maybe_recompile pc=0x000002dda1f78e14 method=jdk.internal.misc.Unsafe.allocateUninitializedArray(Ljava/lang/Class;I)Ljava/lang/Object; @ 51 c2
Event: 27.018 Thread 0x000002ddc2b65920 DEOPT PACKING pc=0x000002dda1f78e14 sp=0x000000dfcdffebd0
Event: 27.018 Thread 0x000002ddc2b65920 DEOPT UNPACKING pc=0x000002dda19346a2 sp=0x000000dfcdffeb48 mode 2
Event: 27.033 Thread 0x000002ddc2b65920 Uncommon trap: trap_request=0xffffffde fr.pc=0x000002dda1f78e14 relative=0x00000000000000f4
Event: 27.033 Thread 0x000002ddc2b65920 Uncommon trap: reason=class_check action=maybe_recompile pc=0x000002dda1f78e14 method=jdk.internal.misc.Unsafe.allocateUninitializedArray(Ljava/lang/Class;I)Ljava/lang/Object; @ 51 c2
Event: 27.033 Thread 0x000002ddc2b65920 DEOPT PACKING pc=0x000002dda1f78e14 sp=0x000000dfcdffebd0
Event: 27.033 Thread 0x000002ddc2b65920 DEOPT UNPACKING pc=0x000002dda19346a2 sp=0x000000dfcdffeb48 mode 2
Event: 27.051 Thread 0x000002ddc2b65920 Uncommon trap: trap_request=0xffffffde fr.pc=0x000002dda1f78e14 relative=0x00000000000000f4
Event: 27.051 Thread 0x000002ddc2b65920 Uncommon trap: reason=class_check action=maybe_recompile pc=0x000002dda1f78e14 method=jdk.internal.misc.Unsafe.allocateUninitializedArray(Ljava/lang/Class;I)Ljava/lang/Object; @ 51 c2
Event: 27.051 Thread 0x000002ddc2b65920 DEOPT PACKING pc=0x000002dda1f78e14 sp=0x000000dfcdffebd0
Event: 27.051 Thread 0x000002ddc2b65920 DEOPT UNPACKING pc=0x000002dda19346a2 sp=0x000000dfcdffeb48 mode 2

Classes loaded (20 events):
Event: 4.545 Loading class sun/font/StrikeCache$SoftDisposerRef
Event: 4.545 Loading class sun/font/StrikeCache$DisposableStrike
Event: 4.545 Loading class sun/font/StrikeCache$DisposableStrike done
Event: 4.545 Loading class sun/font/StrikeCache$SoftDisposerRef done
Event: 4.545 Loading class sun/font/FileFontStrike
Event: 4.545 Loading class sun/font/FileFontStrike done
Event: 4.546 Loading class sun/font/FontScaler
Event: 4.546 Loading class sun/font/FontScaler done
Event: 4.546 Loading class sun/font/FreetypeFontScaler
Event: 4.546 Loading class sun/font/FreetypeFontScaler done
Event: 4.548 Loading class java/awt/font/GlyphMetrics
Event: 4.548 Loading class java/awt/font/GlyphMetrics done
Event: 4.551 Loading class sun/java2d/loops/FontInfo
Event: 4.551 Loading class sun/java2d/loops/FontInfo done
Event: 4.553 Loading class java/nio/HeapIntBuffer
Event: 4.553 Loading class java/nio/HeapIntBuffer done
Event: 6.656 Loading class java/lang/invoke/MethodHandle$1
Event: 6.656 Loading class java/lang/invoke/MethodHandle$1 done
Event: 100.906 Loading class java/lang/foreign/MemorySegment
Event: 100.914 Loading class java/lang/foreign/MemorySegment done

Classes unloaded (0 events):
No events

Classes redefined (0 events):
No events

Internal exceptions (19 events):
Event: 0.327 Thread 0x000002dd94f7ea20 Exception <a 'java/lang/NoSuchMethodError'{0x000000071b097a88}: 'java.lang.Object java.lang.invoke.DirectMethodHandle$Holder.invokeStaticInit(java.lang.Object, int, int, int, int)'> (0x000000071b097a88) 
thrown [s\src\hotspot\share\interpreter\linkResolver.cpp, line 774]
Event: 0.354 Thread 0x000002dd94f7ea20 Exception <a 'java/lang/NoSuchMethodError'{0x000000071b0dbd18}: 'java.lang.Object java.lang.invoke.DirectMethodHandle$Holder.invokeStaticInit(java.lang.Object, java.lang.Object, int, int, int, int)'> (0x000000071b0dbd18) 
thrown [s\src\hotspot\share\interpreter\linkResolver.cpp, line 774]
Event: 0.362 Thread 0x000002dd94f7ea20 Exception <a 'java/lang/NoSuchMethodError'{0x000000071b0e5538}: 'int java.lang.invoke.DirectMethodHandle$Holder.invokeSpecial(java.lang.Object, java.lang.Object, java.lang.Object)'> (0x000000071b0e5538) 
thrown [s\src\hotspot\share\interpreter\linkResolver.cpp, line 774]
Event: 0.389 Thread 0x000002dd94f7ea20 Exception <a 'java/lang/NoSuchMethodError'{0x000000071b0f6d30}: 'void java.lang.invoke.DirectMethodHandle$Holder.invokeStatic(java.lang.Object, long)'> (0x000000071b0f6d30) 
thrown [s\src\hotspot\share\interpreter\linkResolver.cpp, line 774]
Event: 0.390 Thread 0x000002dd94f7ea20 Exception <a 'java/lang/NoSuchMethodError'{0x000000071b0fc138}: 'java.lang.Object java.lang.invoke.DirectMethodHandle$Holder.newInvokeSpecial(java.lang.Object, long)'> (0x000000071b0fc138) 
thrown [s\src\hotspot\share\interpreter\linkResolver.cpp, line 774]
Event: 0.393 Thread 0x000002dd94f7ea20 Exception <a 'java/lang/NoSuchMethodError'{0x000000071b103740}: 'java.lang.Object java.lang.invoke.DirectMethodHandle$Holder.invokeStatic(java.lang.Object, long, java.lang.Object)'> (0x000000071b103740) 
thrown [s\src\hotspot\share\interpreter\linkResolver.cpp, line 774]
Event: 0.393 Thread 0x000002dd94f7ea20 Exception <a 'java/lang/NoSuchMethodError'{0x000000071b106ef8}: 'java.lang.Object java.lang.invoke.DirectMethodHandle$Holder.invokeStaticInit(java.lang.Object, long, java.lang.Object)'> (0x000000071b106ef8) 
thrown [s\src\hotspot\share\interpreter\linkResolver.cpp, line 774]
Event: 0.554 Thread 0x000002dd94f7ea20 Exception <a 'java/lang/NoSuchMethodError'{0x000000071b157230}: 'int java.lang.invoke.DirectMethodHandle$Holder.invokeStatic(java.lang.Object)'> (0x000000071b157230) 
thrown [s\src\hotspot\share\interpreter\linkResolver.cpp, line 774]
Event: 0.554 Thread 0x000002dd94f7ea20 Exception <a 'java/lang/NoSuchMethodError'{0x000000071b15aa70}: 'int java.lang.invoke.DelegatingMethodHandle$Holder.reinvoke_L(java.lang.Object)'> (0x000000071b15aa70) 
thrown [s\src\hotspot\share\interpreter\linkResolver.cpp, line 774]
Event: 0.591 Thread 0x000002dd94f7ea20 Exception <a 'java/lang/ClassNotFoundException'{0x000000071aebd1f8}: sun/awt/resources/spi/awtProvider> (0x000000071aebd1f8) 
thrown [s\src\hotspot\share\classfile\systemDictionary.cpp, line 313]
Event: 0.607 Thread 0x000002dd94f7ea20 Exception <a 'java/io/FileNotFoundException'{0x000000071af06528}> (0x000000071af06528) 
thrown [s\src\hotspot\share\prims\jni.cpp, line 520]
Event: 0.613 Thread 0x000002dd94f7ea20 Exception <a 'java/io/FileNotFoundException'{0x000000071af34888}> (0x000000071af34888) 
thrown [s\src\hotspot\share\prims\jni.cpp, line 520]
Event: 0.838 Thread 0x000002dd94f7ea20 Exception <a 'java/lang/NoSuchMethodError'{0x000000071afca808}: 'java.lang.Object java.lang.invoke.DirectMethodHandle$Holder.invokeInterface(java.lang.Object, java.lang.Object)'> (0x000000071afca808) 
thrown [s\src\hotspot\share\interpreter\linkResolver.cpp, line 774]
Event: 0.838 Thread 0x000002dd94f7ea20 Exception <a 'java/lang/IncompatibleClassChangeError'{0x000000071afcddc0}: Found class java.lang.Object, but interface was expected> (0x000000071afcddc0) 
thrown [s\src\hotspot\share\interpreter\linkResolver.cpp, line 841]
Event: 1.138 Thread 0x000002dd94f7ea20 Exception <a 'java/lang/NoSuchMethodError'{0x000000071a9a4430}: 'long java.lang.invoke.DelegatingMethodHandle$Holder.reinvoke_L(java.lang.Object, java.lang.Object)'> (0x000000071a9a4430) 
thrown [s\src\hotspot\share\interpreter\linkResolver.cpp, line 774]
Event: 1.139 Thread 0x000002dd94f7ea20 Exception <a 'java/lang/NoSuchMethodError'{0x000000071a9ae360}: 'void java.lang.invoke.DelegatingMethodHandle$Holder.reinvoke_L(java.lang.Object, java.lang.Object, long)'> (0x000000071a9ae360) 
thrown [s\src\hotspot\share\interpreter\linkResolver.cpp, line 774]
Event: 1.992 Thread 0x000002ddbdb24740 Implicit null exception at 0x000002dda1ed20c3 to 0x000002dda1ed237c
Event: 1.992 Thread 0x000002ddbdb24740 Exception <a 'java/lang/NoSuchMethodError'{0x000000071b57e078}: 'void java.lang.invoke.DirectMethodHandle$Holder.invokeSpecial(java.lang.Object, java.lang.Object, java.lang.Object)'> (0x000000071b57e078) 
thrown [s\src\hotspot\share\interpreter\linkResolver.cpp, line 774]
Event: 2.001 Thread 0x000002ddbdb24740 Exception <a 'java/lang/NoSuchMethodError'{0x000000071b594af8}: 'long java.lang.invoke.Invokers$Holder.invokeExact_MT(java.lang.Object, java.lang.Object, java.lang.Object)'> (0x000000071b594af8) 
thrown [s\src\hotspot\share\interpreter\linkResolver.cpp, line 774]

ZGC Phase Switch (0 events):
No events

VM Operations (20 events):
Event: 120.138 Executing VM operation: HandshakeAllThreads (HandshakeForDeflation)
Event: 120.138 Executing VM operation: HandshakeAllThreads (HandshakeForDeflation) done
Event: 120.138 Executing VM operation: RendezvousGCThreads
Event: 120.138 Executing VM operation: RendezvousGCThreads done
Event: 130.674 Executing VM operation: G1CollectForAllocation (G1 Evacuation Pause)
Event: 130.678 Executing VM operation: G1CollectForAllocation (G1 Evacuation Pause) done
Event: 131.693 Executing VM operation: Cleanup
Event: 131.693 Executing VM operation: Cleanup done
Event: 154.696 Executing VM operation: G1CollectForAllocation (G1 Evacuation Pause)
Event: 154.701 Executing VM operation: G1CollectForAllocation (G1 Evacuation Pause) done
Event: 180.338 Executing VM operation: HandshakeAllThreads (HandshakeForDeflation)
Event: 180.664 Executing VM operation: HandshakeAllThreads (HandshakeForDeflation) done
Event: 180.664 Executing VM operation: RendezvousGCThreads
Event: 180.664 Executing VM operation: RendezvousGCThreads done
Event: 194.965 Executing VM operation: G1CollectForAllocation (G1 Evacuation Pause)
Event: 194.967 Executing VM operation: G1CollectForAllocation (G1 Evacuation Pause) done
Event: 240.483 Executing VM operation: HandshakeAllThreads (HandshakeForDeflation)
Event: 240.982 Executing VM operation: HandshakeAllThreads (HandshakeForDeflation) done
Event: 240.982 Executing VM operation: RendezvousGCThreads
Event: 240.982 Executing VM operation: RendezvousGCThreads done

Events (20 events):
Event: 2.646 Thread 0x000002ddc2a7dbc0 Thread added: 0x000002ddc2a7dbc0
Event: 2.847 Thread 0x000002ddc2b65fb0 Thread added: 0x000002ddc2b65fb0
Event: 2.863 Thread 0x000002ddc2b66cd0 Thread added: 0x000002ddc2b66cd0
Event: 3.102 Thread 0x000002ddbe3ab140 Thread exited: 0x000002ddbe3ab140
Event: 3.102 Thread 0x000002ddc2a7dbc0 Thread exited: 0x000002ddc2a7dbc0
Event: 3.381 Thread 0x000002ddc94f3140 Thread added: 0x000002ddc94f3140
Event: 3.381 Thread 0x000002ddc933be00 Thread added: 0x000002ddc933be00
Event: 3.555 Thread 0x000002ddc933be00 Thread exited: 0x000002ddc933be00
Event: 3.559 Thread 0x000002ddc94f3140 Thread exited: 0x000002ddc94f3140
Event: 4.262 Thread 0x000002ddc2b63ee0 Thread added: 0x000002ddc2b63ee0
Event: 4.262 Thread 0x000002ddc2b64570 Thread added: 0x000002ddc2b64570
Event: 4.408 Thread 0x000002ddc2b64c00 Thread added: 0x000002ddc2b64c00
Event: 4.411 Thread 0x000002ddc9a9a530 Thread added: 0x000002ddc9a9a530
Event: 4.414 Thread 0x000002ddc9a9abc0 Thread added: 0x000002ddc9a9abc0
Event: 4.418 Thread 0x000002ddc9a9cc90 Thread added: 0x000002ddc9a9cc90
Event: 4.422 Thread 0x000002ddc9a99ea0 Thread added: 0x000002ddc9a99ea0
Event: 4.451 Thread 0x000002ddc9ab1640 Thread added: 0x000002ddc9ab1640
Event: 4.691 Thread 0x000002ddc9ab1640 Thread exited: 0x000002ddc9ab1640
Event: 5.266 Thread 0x000002ddc2b63ee0 Thread exited: 0x000002ddc2b63ee0
Event: 5.266 Thread 0x000002ddc2b64570 Thread exited: 0x000002ddc2b64570


Dynamic libraries:
0x00007ff6a82a0000 - 0x00007ff6a82ae000 	C:\Users\ACER\.p2\pool\plugins\org.eclipse.justj.openjdk.hotspot.jre.full.win32.x86_64_22.0.1.v20240426-1149\jre\bin\javaw.exe
0x00007ffd368c0000 - 0x00007ffd36b23000 	C:\WINDOWS\SYSTEM32\ntdll.dll
0x00007ffd35d50000 - 0x00007ffd35e17000 	C:\WINDOWS\System32\KERNEL32.DLL
0x00007ffd33de0000 - 0x00007ffd341a7000 	C:\WINDOWS\System32\KERNELBASE.dll
0x00007ffd343b0000 - 0x00007ffd344fc000 	C:\WINDOWS\System32\ucrtbase.dll
0x00007ffd2aa90000 - 0x00007ffd2aaab000 	C:\Users\ACER\.p2\pool\plugins\org.eclipse.justj.openjdk.hotspot.jre.full.win32.x86_64_22.0.1.v20240426-1149\jre\bin\VCRUNTIME140.dll
0x00007ffd30f80000 - 0x00007ffd30f97000 	C:\Users\ACER\.p2\pool\plugins\org.eclipse.justj.openjdk.hotspot.jre.full.win32.x86_64_22.0.1.v20240426-1149\jre\bin\jli.dll
0x00007ffd34de0000 - 0x00007ffd34fa9000 	C:\WINDOWS\System32\USER32.dll
0x00007ffd1f710000 - 0x00007ffd1f9a0000 	C:\WINDOWS\WinSxS\amd64_microsoft.windows.common-controls_6595b64144ccf1df_6.0.26100.3037_none_3e09262ce333c378\COMCTL32.dll
0x00007ffd341b0000 - 0x00007ffd341d7000 	C:\WINDOWS\System32\win32u.dll
0x00007ffd36180000 - 0x00007ffd36229000 	C:\WINDOWS\System32\msvcrt.dll
0x00007ffd350e0000 - 0x00007ffd3510a000 	C:\WINDOWS\System32\GDI32.dll
0x00007ffd341e0000 - 0x00007ffd3430b000 	C:\WINDOWS\System32\gdi32full.dll
0x00007ffd34500000 - 0x00007ffd345a3000 	C:\WINDOWS\System32\msvcp_win.dll
0x00007ffd36120000 - 0x00007ffd3614f000 	C:\WINDOWS\System32\IMM32.DLL
0x00007ffd2b090000 - 0x00007ffd2b09c000 	C:\Users\ACER\.p2\pool\plugins\org.eclipse.justj.openjdk.hotspot.jre.full.win32.x86_64_22.0.1.v20240426-1149\jre\bin\vcruntime140_1.dll
0x00007ffcc4e00000 - 0x00007ffcc4e8e000 	C:\Users\ACER\.p2\pool\plugins\org.eclipse.justj.openjdk.hotspot.jre.full.win32.x86_64_22.0.1.v20240426-1149\jre\bin\msvcp140.dll
0x00007ffc934d0000 - 0x00007ffc94292000 	C:\Users\ACER\.p2\pool\plugins\org.eclipse.justj.openjdk.hotspot.jre.full.win32.x86_64_22.0.1.v20240426-1149\jre\bin\server\jvm.dll
0x00007ffd36310000 - 0x00007ffd363c4000 	C:\WINDOWS\System32\ADVAPI32.dll
0x00007ffd363e0000 - 0x00007ffd36486000 	C:\WINDOWS\System32\sechost.dll
0x00007ffd359e0000 - 0x00007ffd35af6000 	C:\WINDOWS\System32\RPCRT4.dll
0x00007ffd348d0000 - 0x00007ffd34944000 	C:\WINDOWS\System32\WS2_32.dll
0x00007ffd33af0000 - 0x00007ffd33b3e000 	C:\WINDOWS\SYSTEM32\POWRPROF.dll
0x00007ffd30600000 - 0x00007ffd30636000 	C:\WINDOWS\SYSTEM32\WINMM.dll
0x00007ffd31880000 - 0x00007ffd3188b000 	C:\WINDOWS\SYSTEM32\VERSION.dll
0x00007ffd33ad0000 - 0x00007ffd33ae4000 	C:\WINDOWS\SYSTEM32\UMPDC.dll
0x00007ffd32a90000 - 0x00007ffd32aaa000 	C:\WINDOWS\SYSTEM32\kernel.appcore.dll
0x00007ffd318e0000 - 0x00007ffd318ea000 	C:\Users\ACER\.p2\pool\plugins\org.eclipse.justj.openjdk.hotspot.jre.full.win32.x86_64_22.0.1.v20240426-1149\jre\bin\jimage.dll
0x00007ffd27510000 - 0x00007ffd27751000 	C:\WINDOWS\SYSTEM32\DBGHELP.DLL
0x00007ffd364f0000 - 0x00007ffd3686e000 	C:\WINDOWS\System32\combase.dll
0x00007ffd35e20000 - 0x00007ffd35ef6000 	C:\WINDOWS\System32\OLEAUT32.dll
0x00007ffccb2b0000 - 0x00007ffccb2e9000 	C:\WINDOWS\SYSTEM32\dbgcore.DLL
0x00007ffd34310000 - 0x00007ffd343a9000 	C:\WINDOWS\System32\bcryptPrimitives.dll
0x00007ffd317f0000 - 0x00007ffd3180e000 	C:\Users\ACER\.p2\pool\plugins\org.eclipse.justj.openjdk.hotspot.jre.full.win32.x86_64_22.0.1.v20240426-1149\jre\bin\java.dll
0x00007ffd352d0000 - 0x00007ffd359d4000 	C:\WINDOWS\System32\SHELL32.dll
0x00007ffd34700000 - 0x00007ffd34895000 	C:\WINDOWS\System32\ole32.dll
0x00007ffd30fa0000 - 0x00007ffd30fb7000 	C:\Users\ACER\.p2\pool\plugins\org.eclipse.justj.openjdk.hotspot.jre.full.win32.x86_64_22.0.1.v20240426-1149\jre\bin\zip.dll
0x00007ffd31980000 - 0x00007ffd321b7000 	C:\WINDOWS\SYSTEM32\windows.storage.dll
0x00007ffd35f10000 - 0x00007ffd35ff9000 	C:\WINDOWS\System32\SHCORE.dll
0x00007ffd36490000 - 0x00007ffd364ed000 	C:\WINDOWS\System32\shlwapi.dll
0x00007ffd33b70000 - 0x00007ffd33b9e000 	C:\WINDOWS\SYSTEM32\profapi.dll
0x00007ffd318d0000 - 0x00007ffd318e0000 	C:\Users\ACER\.p2\pool\plugins\org.eclipse.justj.openjdk.hotspot.jre.full.win32.x86_64_22.0.1.v20240426-1149\jre\bin\net.dll
0x00007ffd32fa0000 - 0x00007ffd3300a000 	C:\WINDOWS\system32\mswsock.dll
0x00007ffd2aaf0000 - 0x00007ffd2ab06000 	C:\Users\ACER\.p2\pool\plugins\org.eclipse.justj.openjdk.hotspot.jre.full.win32.x86_64_22.0.1.v20240426-1149\jre\bin\nio.dll
0x00007ffd33240000 - 0x00007ffd3325c000 	C:\WINDOWS\SYSTEM32\CRYPTSP.dll
0x00007ffd329f0000 - 0x00007ffd32a28000 	C:\WINDOWS\system32\rsaenh.dll
0x00007ffd33040000 - 0x00007ffd3306b000 	C:\WINDOWS\SYSTEM32\USERENV.dll
0x00007ffd33480000 - 0x00007ffd334a6000 	C:\WINDOWS\SYSTEM32\bcrypt.dll
0x00007ffd33260000 - 0x00007ffd3326c000 	C:\WINDOWS\SYSTEM32\CRYPTBASE.dll
0x00007ffd324d0000 - 0x00007ffd32502000 	C:\WINDOWS\SYSTEM32\IPHLPAPI.DLL
0x00007ffd36170000 - 0x00007ffd3617a000 	C:\WINDOWS\System32\NSI.dll
0x00007ffd07050000 - 0x00007ffd07063000 	C:\Users\ACER\AppData\Local\Temp\jogamp_0000\file_cache\jln2047052766134778073\jln13311149622358652995\natives\windows-amd64\gluegen_rt.dll
0x00007ffc96650000 - 0x00007ffc967dd000 	C:\Users\ACER\.p2\pool\plugins\org.eclipse.justj.openjdk.hotspot.jre.full.win32.x86_64_22.0.1.v20240426-1149\jre\bin\awt.dll
0x00007ffd30670000 - 0x00007ffd3070c000 	C:\WINDOWS\SYSTEM32\apphelp.dll
0x00007ffd310f0000 - 0x00007ffd3119d000 	C:\WINDOWS\system32\uxtheme.dll
0x00007ffd35110000 - 0x00007ffd3526c000 	C:\WINDOWS\System32\MSCTF.dll
0x00007ffd285d0000 - 0x00007ffd285d7000 	C:\Users\ACER\.p2\pool\plugins\org.eclipse.justj.openjdk.hotspot.jre.full.win32.x86_64_22.0.1.v20240426-1149\jre\bin\jawt.dll
0x00007ffd14790000 - 0x00007ffd1479d000 	C:\Users\ACER\AppData\Local\Temp\jogamp_0000\file_cache\jln2047052766134778073\jln13311149622358652995\natives\windows-amd64\nativewindow_awt.dll
0x00007ffd313e0000 - 0x00007ffd3140e000 	C:\WINDOWS\system32\DWMAPI.DLL
0x00007ffd03da0000 - 0x00007ffd03eac000 	C:\WINDOWS\system32\opengl32.dll
0x00007ffcca120000 - 0x00007ffcca14d000 	C:\WINDOWS\SYSTEM32\GLU32.dll
0x00007ffd311e0000 - 0x00007ffd31227000 	C:\WINDOWS\SYSTEM32\dxcore.dll
0x00007ffd26720000 - 0x00007ffd268cc000 	C:\WINDOWS\system32\d3d9.dll
0x00007ffd2e2f0000 - 0x00007ffd2e4ab000 	C:\WINDOWS\System32\DriverStore\FileRepository\u0399259.inf_amd64_91ce8c34032dc40f\B399013\aticfx64.dll
0x00007ffca80a0000 - 0x00007ffca9e6f000 	C:\WINDOWS\System32\DriverStore\FileRepository\u0399259.inf_amd64_91ce8c34032dc40f\B399013\amdxn64.dll
0x00007ffd34950000 - 0x00007ffd34dd6000 	C:\WINDOWS\System32\SETUPAPI.dll
0x00007ffd31290000 - 0x00007ffd313bc000 	C:\WINDOWS\SYSTEM32\dxgi.dll
0x00007ffd31230000 - 0x00007ffd3128c000 	C:\WINDOWS\SYSTEM32\directxdatabasehelper.dll
0x00007ffd337b0000 - 0x00007ffd3380f000 	C:\WINDOWS\SYSTEM32\cfgmgr32.dll
0x00007ffd2c340000 - 0x00007ffd2c375000 	C:\WINDOWS\SYSTEM32\amdihk64.dll
0x00007ffd07030000 - 0x00007ffd07045000 	C:\Users\ACER\AppData\Local\Temp\jogamp_0000\file_cache\jln2047052766134778073\jln13311149622358652995\natives\windows-amd64\nativewindow_win32.dll
0x00007ffd06fa0000 - 0x00007ffd07023000 	C:\Users\ACER\AppData\Local\Temp\jogamp_0000\file_cache\jln2047052766134778073\jln13311149622358652995\natives\windows-amd64\jogl_desktop.dll
0x00007ffd06f40000 - 0x00007ffd06f92000 	C:\Users\ACER\AppData\Local\Temp\jogamp_0000\file_cache\jln2047052766134778073\jln13311149622358652995\natives\windows-amd64\jogl_mobile.dll
0x00007ffd24630000 - 0x00007ffd2464a000 	C:\WINDOWS\SYSTEM32\windows.staterepositorycore.dll
0x00007ffd1acd0000 - 0x00007ffd1acfd000 	C:\WINDOWS\System32\DriverStore\FileRepository\u0399259.inf_amd64_91ce8c34032dc40f\B399013\atig6pxx.dll
0x00007ffc7cac0000 - 0x00007ffc80466000 	C:\WINDOWS\System32\DriverStore\FileRepository\u0399259.inf_amd64_91ce8c34032dc40f\B399013\atio6axx.dll
0x00007ffd33820000 - 0x00007ffd3384d000 	C:\WINDOWS\SYSTEM32\DEVOBJ.dll
0x00007ffd34670000 - 0x00007ffd346ef000 	C:\WINDOWS\System32\WINTRUST.dll
0x00007ffd33c60000 - 0x00007ffd33dd6000 	C:\WINDOWS\System32\CRYPT32.dll
0x00007ffd332b0000 - 0x00007ffd332c3000 	C:\WINDOWS\SYSTEM32\MSASN1.dll
0x00007ffd06f20000 - 0x00007ffd06f39000 	C:\Users\ACER\AppData\Local\Temp\jogamp_0000\file_cache\jln2047052766134778073\jln13311149622358652995\natives\windows-amd64\newt_head.dll
0x00007ffd04e30000 - 0x00007ffd04ef0000 	C:\WINDOWS\SYSTEM32\mscms.dll
0x00007ffd170c0000 - 0x00007ffd17109000 	C:\WINDOWS\SYSTEM32\icm32.dll
0x00007ffd17350000 - 0x00007ffd17496000 	C:\WINDOWS\SYSTEM32\textinputframework.dll
0x00007ffd30940000 - 0x00007ffd30a66000 	C:\WINDOWS\SYSTEM32\CoreMessaging.dll
0x00007ffd2e7e0000 - 0x00007ffd2eac3000 	C:\WINDOWS\SYSTEM32\CoreUIComponents.dll
0x00007ffd2e670000 - 0x00007ffd2e7d8000 	C:\WINDOWS\SYSTEM32\wintypes.dll
0x00007ffd049e0000 - 0x00007ffd04a67000 	C:\Users\ACER\.p2\pool\plugins\org.eclipse.justj.openjdk.hotspot.jre.full.win32.x86_64_22.0.1.v20240426-1149\jre\bin\freetype.dll
0x00007ffc96570000 - 0x00007ffc96648000 	C:\Users\ACER\.p2\pool\plugins\org.eclipse.justj.openjdk.hotspot.jre.full.win32.x86_64_22.0.1.v20240426-1149\jre\bin\fontmanager.dll
0x00007ffd261a0000 - 0x00007ffd261b2000 	C:\Users\ACER\.p2\pool\plugins\org.eclipse.justj.openjdk.hotspot.jre.full.win32.x86_64_22.0.1.v20240426-1149\jre\bin\jsound.dll
0x00007ffcf8af0000 - 0x00007ffcf8b84000 	C:\WINDOWS\SYSTEM32\DSOUND.dll
0x00007ffd1e670000 - 0x00007ffd1e6a1000 	C:\WINDOWS\SYSTEM32\winmmbase.dll
0x00007ffc91540000 - 0x00007ffc915f1000 	C:\WINDOWS\SYSTEM32\ResampleDmo.DLL
0x00007ffcc58c0000 - 0x00007ffcc58ce000 	C:\WINDOWS\SYSTEM32\msdmo.dll
0x00007ffd35030000 - 0x00007ffd350d8000 	C:\WINDOWS\System32\clbcatq.dll
0x00007ffd25990000 - 0x00007ffd25a22000 	C:\WINDOWS\System32\MMDevApi.dll
0x00007ffd13ed0000 - 0x00007ffd13f18000 	C:\WINDOWS\SYSTEM32\wdmaud.drv
0x00007ffd1d090000 - 0x00007ffd1d24e000 	C:\WINDOWS\SYSTEM32\AUDIOSES.DLL
0x00007ffd18c70000 - 0x00007ffd18c7f000 	C:\WINDOWS\SYSTEM32\msacm32.drv
0x00007ffd049b0000 - 0x00007ffd049d1000 	C:\WINDOWS\SYSTEM32\MSACM32.dll
0x00007ffd26410000 - 0x00007ffd2641c000 	C:\WINDOWS\SYSTEM32\midimap.dll
0x00007ffd29d70000 - 0x00007ffd29d84000 	C:\WINDOWS\SYSTEM32\resourcepolicyclient.dll
0x00007ffd145e0000 - 0x00007ffd14735000 	C:\Windows\System32\Windows.UI.dll
0x00007ffd30660000 - 0x00007ffd3066b000 	C:\WINDOWS\SYSTEM32\avrt.dll

dbghelp: loaded successfully - version: 4.0.5 - missing functions: none
symbol engine: initialized successfully - sym options: 0x614 - pdb path: .;C:\Users\ACER\.p2\pool\plugins\org.eclipse.justj.openjdk.hotspot.jre.full.win32.x86_64_22.0.1.v20240426-1149\jre\bin;C:\WINDOWS\SYSTEM32;C:\WINDOWS\WinSxS\amd64_microsoft.windows.common-controls_6595b64144ccf1df_6.0.26100.3037_none_3e09262ce333c378;C:\Users\ACER\.p2\pool\plugins\org.eclipse.justj.openjdk.hotspot.jre.full.win32.x86_64_22.0.1.v20240426-1149\jre\bin\server;C:\Users\ACER\AppData\Local\Temp\jogamp_0000\file_cache\jln2047052766134778073\jln13311149622358652995\natives\windows-amd64;C:\WINDOWS\System32\DriverStore\FileRepository\u0399259.inf_amd64_91ce8c34032dc40f\B399013

VM Arguments:
jvm_args: -Dfile.encoding=UTF-8 -Dstdout.encoding=UTF-8 -Dstderr.encoding=UTF-8 -XX:+ShowCodeDetailsInExceptionMessages 
java_command: Game.Randers
java_class_path (initial): C:\Users\ACER\eclipse-workspace\Game2DCG\bin;C:\Users\ACER\eclipse-workspace\Game2DCG\lib\gluegen-rt.jar;C:\Users\ACER\eclipse-workspace\Game2DCG\lib\gluegen-rt-natives-windows-amd64.jar;C:\Users\ACER\eclipse-workspace\Game2DCG\lib\jogl-all.jar;C:\Users\ACER\eclipse-workspace\Game2DCG\lib\jogl-all-natives-windows-amd64.jar
Launcher Type: SUN_STANDARD

[Global flags]
     intx CICompilerCount                          = 4                                         {product} {ergonomic}
     uint ConcGCThreads                            = 2                                         {product} {ergonomic}
     uint G1ConcRefinementThreads                  = 8                                         {product} {ergonomic}
   size_t G1HeapRegionSize                         = 2097152                                   {product} {ergonomic}
   size_t InitialHeapSize                          = 255852544                                 {product} {ergonomic}
   size_t MarkStackSize                            = 4194304                                   {product} {ergonomic}
   size_t MaxHeapSize                              = 4091543552                                {product} {ergonomic}
   size_t MaxNewSize                               = 2453667840                                {product} {ergonomic}
   size_t MinHeapDeltaBytes                        = 2097152                                   {product} {ergonomic}
   size_t MinHeapSize                              = 8388608                                   {product} {ergonomic}
    uintx NonNMethodCodeHeapSize                   = 5839372                                {pd product} {ergonomic}
    uintx NonProfiledCodeHeapSize                  = 122909434                              {pd product} {ergonomic}
    uintx ProfiledCodeHeapSize                     = 122909434                              {pd product} {ergonomic}
    uintx ReservedCodeCacheSize                    = 251658240                              {pd product} {ergonomic}
     bool SegmentedCodeCache                       = true                                      {product} {ergonomic}
     bool ShowCodeDetailsInExceptionMessages       = true                                   {manageable} {command line}
   size_t SoftMaxHeapSize                          = 4091543552                             {manageable} {ergonomic}
     bool UseCompressedOops                        = true                           {product lp64_product} {ergonomic}
     bool UseG1GC                                  = true                                      {product} {ergonomic}
     bool UseLargePagesIndividualAllocation        = false                                  {pd product} {ergonomic}

Logging:
Log output configuration:
 #0: stdout all=warning uptime,level,tags foldmultilines=false
 #1: stderr all=off uptime,level,tags foldmultilines=false

Environment Variables:
PATH=C:/Users/ACER/.p2/pool/plugins/org.eclipse.justj.openjdk.hotspot.jre.full.win32.x86_64_22.0.1.v20240426-1149/jre/bin/server;C:/Users/ACER/.p2/pool/plugins/org.eclipse.justj.openjdk.hotspot.jre.full.win32.x86_64_22.0.1.v20240426-1149/jre/bin;C:\Program Files\Microsoft MPI\Bin\;C:\WINDOWS\system32;C:\WINDOWS;C:\WINDOWS\System32\Wbem;C:\WINDOWS\System32\WindowsPowerShell\v1.0\;C:\WINDOWS\System32\OpenSSH\;C:\Program Files (x86)\Microsoft SQL Server\160\DTS\Binn\;C:\Program Files (x86)\Microsoft SQL Server\160\Tools\Binn\;C:\Program Files\Microsoft SQL Server\160\Tools\Binn\;C:\Program Files\Microsoft SQL Server\Client SDK\ODBC\170\Tools\Binn\;C:\Program Files\Microsoft SQL Server\160\DTS\Binn\;C:\Program Files\nodejs\;C:\Users\ACER\AppData\Local\Microsoft\WindowsApps;C:\Users\ACER\AppData\Local\Programs\Microsoft VS Code\bin;C:\flutter\bin;C:\Users\ACER\AppData\Roaming\npm;;C:\WINDOWS\System32;
USERNAME=ACER
OS=Windows_NT
PROCESSOR_IDENTIFIER=AMD64 Family 23 Model 160 Stepping 0, AuthenticAMD
TMP=C:\Users\ACER\AppData\Local\Temp
TEMP=C:\Users\ACER\AppData\Local\Temp




Periodic native trim disabled

---------------  S Y S T E M  ---------------

OS:
 Windows 11 , 64 bit Build 26100 (10.0.26100.3037)
OS uptime: 16 days 1:24 hours

CPU: total 8 (initial active 8) (8 cores per cpu, 2 threads per core) family 23 model 160 stepping 0 microcode 0x8a00006, cx8, cmov, fxsr, ht, mmx, 3dnowpref, sse, sse2, sse3, ssse3, sse4a, sse4.1, sse4.2, popcnt, lzcnt, tsc, tscinvbit, avx, avx2, aes, clmul, bmi1, bmi2, adx, sha, fma, vzeroupper, clflush, clflushopt, rdtscp, rdpid, f16c
Processor Information for all 8 processors :
  Max Mhz: 2401, Current Mhz: 2401, Mhz Limit: 2401

Memory: 4k page, system-wide physical 15605M (2276M free)
TotalPageFile size 62709M (AvailPageFile size 8M)
current process WorkingSet (physical memory assigned to process): 1186M, peak: 3158M
current process commit charge ("private bytes"): 21878M, peak: 21887M

vm_info: OpenJDK 64-Bit Server VM (22.0.1+8) for windows-amd64 JRE (22.0.1+8), built on 2024-04-16T00:00:00Z by "admin" with MS VC++ 17.7 (VS2022)

END.
