#
# There is insufficient memory for the Java Runtime Environment to continue.
# Native memory allocation (mmap) failed to map 255852544 bytes. Error detail: G1 virtual space
# Possible reasons:
#   The system is out of physical RAM or swap space
#   This process is running with CompressedOops enabled, and the Java Heap may be blocking the growth of the native heap
# Possible solutions:
#   Reduce memory load on the system
#   Increase physical memory or swap space
#   Check if swap backing store is full
#   Decrease Java heap size (-Xmx/-Xms)
#   Decrease number of Java threads
#   Decrease Java thread stack sizes (-Xss)
#   Set larger code cache with -XX:ReservedCodeCacheSize=
#   JVM is running with Zero Based Compressed Oops mode in which the Java heap is
#     placed in the first 32GB address space. The Java Heap base address is the
#     maximum limit for the native heap growth. Please use -XX:HeapBaseMinAddress
#     to set the Java Heap base and to place the Java Heap above 32GB virtual address.
# This output file may be truncated or incomplete.
#
#  Out of Memory Error (os_windows.cpp:3631), pid=46220, tid=57636
#
# JRE version:  (22.0.1+8) (build )
# Java VM: OpenJDK 64-Bit Server VM (22.0.1+8, mixed mode, sharing, tiered, compressed oops, compressed class ptrs, g1 gc, windows-amd64)
# No core dump will be written. Minidumps are not enabled by default on client versions of Windows
#

---------------  S U M M A R Y ------------

Command Line: -Dfile.encoding=UTF-8 -Dstdout.encoding=UTF-8 -Dstderr.encoding=UTF-8 -XX:+ShowCodeDetailsInExceptionMessages Game.Randers

Host: AMD Ryzen 3 7320U with Radeon Graphics         , 8 cores, 15G,  Windows 11 , 64 bit Build 26100 (10.0.26100.3037)
Time: Sun Mar 30 18:58:19 2025 SE Asia Standard Time elapsed time: 2.050781 seconds (0d 0h 0m 2s)

---------------  T H R E A D  ---------------

Current thread (0x000001d65d0b9680):  JavaThread "Unknown thread" [_thread_in_vm, id=57636, stack(0x0000005828600000,0x0000005828700000) (1024K)]

Stack: [0x0000005828600000,0x0000005828700000]
Native frames: (J=compiled Java code, j=interpreted, Vv=VM code, C=native code)
V  [jvm.dll+0x6ea239]  (no source info available)
V  [jvm.dll+0x8ccf93]  (no source info available)
V  [jvm.dll+0x8cf3be]  (no source info available)
V  [jvm.dll+0x8cfa93]  (no source info available)
V  [jvm.dll+0x286ea6]  (no source info available)
V  [jvm.dll+0x6e68c5]  (no source info available)
V  [jvm.dll+0x6db54a]  (no source info available)
V  [jvm.dll+0x3601ba]  (no source info available)
V  [jvm.dll+0x368686]  (no source info available)
V  [jvm.dll+0x3ba43e]  (no source info available)
V  [jvm.dll+0x3ba6e8]  (no source info available)
V  [jvm.dll+0x333cbc]  (no source info available)
V  [jvm.dll+0x334878]  (no source info available)
V  [jvm.dll+0x894ebc]  (no source info available)
V  [jvm.dll+0x3c7531]  (no source info available)
V  [jvm.dll+0x87dc3c]  (no source info available)
V  [jvm.dll+0x460e3e]  (no source info available)
V  [jvm.dll+0x462c51]  (no source info available)
C  [jli.dll+0x5278]  (no source info available)
C  [ucrtbase.dll+0x37b0]  (no source info available)
C  [KERNEL32.DLL+0x2e8d7]  (no source info available)
C  [ntdll.dll+0xbbf2c]  (no source info available)


---------------  P R O C E S S  ---------------

Threads class SMR info:
_java_thread_list=0x00007ffc8fbcc688, length=0, elements={
}

Java Threads: ( => current thread )
Total: 0

Other Threads:
  0x000001d65d11b410 WorkerThread "GC Thread#0"                     [id=50672, stack(0x0000005828700000,0x0000005828800000) (1024K)]
  0x000001d65d12c600 ConcurrentGCThread "G1 Main Marker"            [id=48616, stack(0x0000005828800000,0x0000005828900000) (1024K)]
  0x000001d65d12d7c0 WorkerThread "G1 Conc#0"                       [id=57576, stack(0x0000005828900000,0x0000005828a00000) (1024K)]

[error occurred during error reporting (printing all threads), id 0xc0000005, EXCEPTION_ACCESS_VIOLATION (0xc0000005) at pc=0x00007ffc8f2b6b17]
VM state: not at safepoint (not fully initialized)

VM Mutex/Monitor currently owned by a thread:  ([mutex/lock_event])
[0x00007ffc8fc500a8] Heap_lock - owner thread: 0x000001d65d0b9680

Heap address: 0x000000070c200000, size: 3902 MB, Compressed Oops mode: Zero based, Oop shift amount: 3

CDS archive(s) mapped at: [0x0000000000000000-0x0000000000000000-0x0000000000000000), size 0, SharedBaseAddress: 0x0000000800000000, ArchiveRelocationMode: 1.
Narrow klass base: 0x0000000000000000, Narrow klass shift: 0, Narrow klass range: 0x0

GC Precious Log:
 CardTable entry size: 512
 Card Set container configuration: InlinePtr #cards 4 size 8 Array Of Cards #cards 16 size 48 Howl #buckets 8 coarsen threshold 3686 Howl Bitmap #cards 512 size 80 coarsen threshold 460 Card regions per heap region 1 cards per card region 4096

Heap:
 garbage-first heap   total reserved 3995648K, committed 0K, used 0K [0x000000070c200000, 0x0000000800000000)
  region size 2048K, 0 young (0K), 0 survivors (0K)

[error occurred during error reporting (printing heap information), id 0xc0000005, EXCEPTION_ACCESS_VIOLATION (0xc0000005) at pc=0x00007ffc8f6b6e29]
GC Heap History (0 events):
No events

Dll operation events (1 events):
Event: 0.022 Loaded shared library C:\Users\ACER\.p2\pool\plugins\org.eclipse.justj.openjdk.hotspot.jre.full.win32.x86_64_22.0.1.v20240426-1149\jre\bin\java.dll

Deoptimization events (0 events):
No events

Classes loaded (0 events):
No events

Classes unloaded (0 events):
No events

Classes redefined (0 events):
No events

Internal exceptions (0 events):
No events

ZGC Phase Switch (0 events):
No events

VM Operations (0 events):
No events

Events (0 events):
No events


Dynamic libraries:
0x00007ff61e180000 - 0x00007ff61e18e000 	C:\Users\ACER\.p2\pool\plugins\org.eclipse.justj.openjdk.hotspot.jre.full.win32.x86_64_22.0.1.v20240426-1149\jre\bin\javaw.exe
0x00007ffd368c0000 - 0x00007ffd36b23000 	C:\WINDOWS\SYSTEM32\ntdll.dll
0x00007ffd35d50000 - 0x00007ffd35e17000 	C:\WINDOWS\System32\KERNEL32.DLL
0x00007ffd33de0000 - 0x00007ffd341a7000 	C:\WINDOWS\System32\KERNELBASE.dll
0x00007ffd343b0000 - 0x00007ffd344fc000 	C:\WINDOWS\System32\ucrtbase.dll
0x00007ffd318b0000 - 0x00007ffd318cb000 	C:\Users\ACER\.p2\pool\plugins\org.eclipse.justj.openjdk.hotspot.jre.full.win32.x86_64_22.0.1.v20240426-1149\jre\bin\VCRUNTIME140.dll
0x00007ffd31930000 - 0x00007ffd31947000 	C:\Users\ACER\.p2\pool\plugins\org.eclipse.justj.openjdk.hotspot.jre.full.win32.x86_64_22.0.1.v20240426-1149\jre\bin\jli.dll
0x00007ffd34de0000 - 0x00007ffd34fa9000 	C:\WINDOWS\System32\USER32.dll
0x00007ffd1f710000 - 0x00007ffd1f9a0000 	C:\WINDOWS\WinSxS\amd64_microsoft.windows.common-controls_6595b64144ccf1df_6.0.26100.3037_none_3e09262ce333c378\COMCTL32.dll
0x00007ffd341b0000 - 0x00007ffd341d7000 	C:\WINDOWS\System32\win32u.dll
0x00007ffd36180000 - 0x00007ffd36229000 	C:\WINDOWS\System32\msvcrt.dll
0x00007ffd350e0000 - 0x00007ffd3510a000 	C:\WINDOWS\System32\GDI32.dll
0x00007ffd341e0000 - 0x00007ffd3430b000 	C:\WINDOWS\System32\gdi32full.dll
0x00007ffd34500000 - 0x00007ffd345a3000 	C:\WINDOWS\System32\msvcp_win.dll
0x00007ffd36120000 - 0x00007ffd3614f000 	C:\WINDOWS\System32\IMM32.DLL
0x00007ffd317f0000 - 0x00007ffd317fc000 	C:\Users\ACER\.p2\pool\plugins\org.eclipse.justj.openjdk.hotspot.jre.full.win32.x86_64_22.0.1.v20240426-1149\jre\bin\vcruntime140_1.dll
0x00007ffd2a250000 - 0x00007ffd2a2de000 	C:\Users\ACER\.p2\pool\plugins\org.eclipse.justj.openjdk.hotspot.jre.full.win32.x86_64_22.0.1.v20240426-1149\jre\bin\msvcp140.dll
0x00007ffc8ef70000 - 0x00007ffc8fd32000 	C:\Users\ACER\.p2\pool\plugins\org.eclipse.justj.openjdk.hotspot.jre.full.win32.x86_64_22.0.1.v20240426-1149\jre\bin\server\jvm.dll
0x00007ffd36310000 - 0x00007ffd363c4000 	C:\WINDOWS\System32\ADVAPI32.dll
0x00007ffd363e0000 - 0x00007ffd36486000 	C:\WINDOWS\System32\sechost.dll
0x00007ffd359e0000 - 0x00007ffd35af6000 	C:\WINDOWS\System32\RPCRT4.dll
0x00007ffd348d0000 - 0x00007ffd34944000 	C:\WINDOWS\System32\WS2_32.dll
0x00007ffd33af0000 - 0x00007ffd33b3e000 	C:\WINDOWS\SYSTEM32\POWRPROF.dll
0x00007ffd30600000 - 0x00007ffd30636000 	C:\WINDOWS\SYSTEM32\WINMM.dll
0x00007ffd31880000 - 0x00007ffd3188b000 	C:\WINDOWS\SYSTEM32\VERSION.dll
0x00007ffd33ad0000 - 0x00007ffd33ae4000 	C:\WINDOWS\SYSTEM32\UMPDC.dll
0x00007ffd32a90000 - 0x00007ffd32aaa000 	C:\WINDOWS\SYSTEM32\kernel.appcore.dll
0x00007ffd29a70000 - 0x00007ffd29a7a000 	C:\Users\ACER\.p2\pool\plugins\org.eclipse.justj.openjdk.hotspot.jre.full.win32.x86_64_22.0.1.v20240426-1149\jre\bin\jimage.dll
0x00007ffd27510000 - 0x00007ffd27751000 	C:\WINDOWS\SYSTEM32\DBGHELP.DLL
0x00007ffd364f0000 - 0x00007ffd3686e000 	C:\WINDOWS\System32\combase.dll
0x00007ffd35e20000 - 0x00007ffd35ef6000 	C:\WINDOWS\System32\OLEAUT32.dll
0x00007ffcc9fb0000 - 0x00007ffcc9fe9000 	C:\WINDOWS\SYSTEM32\dbgcore.DLL
0x00007ffd34310000 - 0x00007ffd343a9000 	C:\WINDOWS\System32\bcryptPrimitives.dll
0x00007ffcc1a60000 - 0x00007ffcc1a7e000 	C:\Users\ACER\.p2\pool\plugins\org.eclipse.justj.openjdk.hotspot.jre.full.win32.x86_64_22.0.1.v20240426-1149\jre\bin\java.dll
0x00007ffd352d0000 - 0x00007ffd359d4000 	C:\WINDOWS\System32\SHELL32.dll
0x00007ffd34700000 - 0x00007ffd34895000 	C:\WINDOWS\System32\ole32.dll

dbghelp: loaded successfully - version: 4.0.5 - missing functions: none
symbol engine: initialized successfully - sym options: 0x614 - pdb path: .;C:\Users\ACER\.p2\pool\plugins\org.eclipse.justj.openjdk.hotspot.jre.full.win32.x86_64_22.0.1.v20240426-1149\jre\bin;C:\WINDOWS\SYSTEM32;C:\WINDOWS\WinSxS\amd64_microsoft.windows.common-controls_6595b64144ccf1df_6.0.26100.3037_none_3e09262ce333c378;C:\Users\ACER\.p2\pool\plugins\org.eclipse.justj.openjdk.hotspot.jre.full.win32.x86_64_22.0.1.v20240426-1149\jre\bin\server

VM Arguments:
jvm_args: -Dfile.encoding=UTF-8 -Dstdout.encoding=UTF-8 -Dstderr.encoding=UTF-8 -XX:+ShowCodeDetailsInExceptionMessages 
java_command: Game.Randers
java_class_path (initial): C:\Users\ACER\eclipse-workspace\Game2DCG\bin;C:\Users\ACER\eclipse-workspace\Game2DCG\lib\gluegen-rt.jar;C:\Users\ACER\eclipse-workspace\Game2DCG\lib\gluegen-rt-natives-windows-amd64.jar;C:\Users\ACER\eclipse-workspace\Game2DCG\lib\jogl-all.jar;C:\Users\ACER\eclipse-workspace\Game2DCG\lib\jogl-all-natives-windows-amd64.jar
Launcher Type: SUN_STANDARD

[Global flags]
     intx CICompilerCount                          = 4                                         {product} {ergonomic}
     uint ConcGCThreads                            = 2                                         {product} {ergonomic}
     uint G1ConcRefinementThreads                  = 8                                         {product} {ergonomic}
   size_t G1HeapRegionSize                         = 2097152                                   {product} {ergonomic}
   size_t InitialHeapSize                          = 255852544                                 {product} {ergonomic}
   size_t MarkStackSize                            = 4194304                                   {product} {ergonomic}
   size_t MaxHeapSize                              = 4091543552                                {product} {ergonomic}
   size_t MinHeapDeltaBytes                        = 2097152                                   {product} {ergonomic}
   size_t MinHeapSize                              = 8388608                                   {product} {ergonomic}
    uintx NonNMethodCodeHeapSize                   = 5839372                                {pd product} {ergonomic}
    uintx NonProfiledCodeHeapSize                  = 122909434                              {pd product} {ergonomic}
    uintx ProfiledCodeHeapSize                     = 122909434                              {pd product} {ergonomic}
    uintx ReservedCodeCacheSize                    = 251658240                              {pd product} {ergonomic}
     bool SegmentedCodeCache                       = true                                      {product} {ergonomic}
     bool ShowCodeDetailsInExceptionMessages       = true                                   {manageable} {command line}
   size_t SoftMaxHeapSize                          = 4091543552                             {manageable} {ergonomic}
     bool UseCompressedOops                        = true                           {product lp64_product} {ergonomic}
     bool UseG1GC                                  = true                                      {product} {ergonomic}
     bool UseLargePagesIndividualAllocation        = false                                  {pd product} {ergonomic}

Logging:
Log output configuration:
 #0: stdout all=warning uptime,level,tags foldmultilines=false
 #1: stderr all=off uptime,level,tags foldmultilines=false

Environment Variables:
PATH=C:/Users/ACER/.p2/pool/plugins/org.eclipse.justj.openjdk.hotspot.jre.full.win32.x86_64_22.0.1.v20240426-1149/jre/bin/server;C:/Users/ACER/.p2/pool/plugins/org.eclipse.justj.openjdk.hotspot.jre.full.win32.x86_64_22.0.1.v20240426-1149/jre/bin;C:\Program Files\Microsoft MPI\Bin\;C:\WINDOWS\system32;C:\WINDOWS;C:\WINDOWS\System32\Wbem;C:\WINDOWS\System32\WindowsPowerShell\v1.0\;C:\WINDOWS\System32\OpenSSH\;C:\Program Files (x86)\Microsoft SQL Server\160\DTS\Binn\;C:\Program Files (x86)\Microsoft SQL Server\160\Tools\Binn\;C:\Program Files\Microsoft SQL Server\160\Tools\Binn\;C:\Program Files\Microsoft SQL Server\Client SDK\ODBC\170\Tools\Binn\;C:\Program Files\Microsoft SQL Server\160\DTS\Binn\;C:\Program Files\nodejs\;C:\Users\ACER\AppData\Local\Microsoft\WindowsApps;C:\Users\ACER\AppData\Local\Programs\Microsoft VS Code\bin;C:\flutter\bin;C:\Users\ACER\AppData\Roaming\npm;;C:\WINDOWS\System32;
USERNAME=ACER
OS=Windows_NT
PROCESSOR_IDENTIFIER=AMD64 Family 23 Model 160 Stepping 0, AuthenticAMD
TMP=C:\Users\ACER\AppData\Local\Temp
TEMP=C:\Users\ACER\AppData\Local\Temp




Periodic native trim disabled

---------------  S Y S T E M  ---------------

OS:
 Windows 11 , 64 bit Build 26100 (10.0.26100.3037)
OS uptime: 16 days 22:00 hours

CPU: total 8 (initial active 8) (8 cores per cpu, 2 threads per core) family 23 model 160 stepping 0 microcode 0x8a00006, cx8, cmov, fxsr, ht, mmx, 3dnowpref, sse, sse2, sse3, ssse3, sse4a, sse4.1, sse4.2, popcnt, lzcnt, tsc, tscinvbit, avx, avx2, aes, clmul, bmi1, bmi2, adx, sha, fma, vzeroupper, clflush, clflushopt, rdtscp, rdpid, f16c
Processor Information for all 8 processors :
  Max Mhz: 2401, Current Mhz: 2401, Mhz Limit: 2401

Memory: 4k page, system-wide physical 15605M (1246M free)
TotalPageFile size 62709M (AvailPageFile size 123M)
current process WorkingSet (physical memory assigned to process): 13M, peak: 13M
current process commit charge ("private bytes"): 60M, peak: 304M

vm_info: OpenJDK 64-Bit Server VM (22.0.1+8) for windows-amd64 JRE (22.0.1+8), built on 2024-04-16T00:00:00Z by "admin" with MS VC++ 17.7 (VS2022)

END.
